C:\USERS\AMCNIC201\DESKTOP\GP_CW 0.4.5\GP_CW 0.4.5\GP_CW 0.4\GP_CW 0.2\DEBUG\GP_CW.EXE
C:\USERS\AMCNIC201\DESKTOP\GP_CW 0.4.5\GP_CW 0.4.5\GP_CW 0.4\GP_CW 0.2\DEBUG\GP_CW.ILK
C:\USERS\AMCNIC201\DESKTOP\GP_CW 0.4.5\GP_CW 0.4.5\GP_CW 0.4\GP_CW 0.2\DEBUG\GP_CW.PDB
C:\USERS\AMCNIC201\DESKTOP\GP_CW 0.4.5\GP_CW 0.4.5\GP_CW 0.4\GP_CW 0.2\GP_CW\DEBUG\CBALLOON.OBJ
C:\USERS\AMCNIC201\DESKTOP\GP_CW 0.4.5\GP_CW 0.4.5\GP_CW 0.4\GP_CW 0.2\GP_CW\DEBUG\CD3DMANAGER.OBJ
C:\USERS\AMCNIC201\DESKTOP\GP_CW 0.4.5\GP_CW 0.4.5\GP_CW 0.4\GP_CW 0.2\GP_CW\DEBUG\CD3DXFONT.OBJ
C:\USERS\AMCNIC201\DESKTOP\GP_CW 0.4.5\GP_CW 0.4.5\GP_CW 0.4\GP_CW 0.2\GP_CW\DEBUG\CD3DXSPRITEMGR.OBJ
C:\USERS\AMCNIC201\DESKTOP\GP_CW 0.4.5\GP_CW 0.4.5\GP_CW 0.4\GP_CW 0.2\GP_CW\DEBUG\CD3DXTEXTURE.OBJ
C:\USERS\AMCNIC201\DESKTOP\GP_CW 0.4.5\GP_CW 0.4.5\GP_CW 0.4\GP_CW 0.2\GP_CW\DEBUG\CEXPLOSION.OBJ
C:\Users\amcnic201\Desktop\GP_CW 0.4.5\GP_CW 0.4.5\GP_CW 0.4\GP_CW 0.2\GP_CW\Debug\cl.command.1.tlog
C:\Users\amcnic201\Desktop\GP_CW 0.4.5\GP_CW 0.4.5\GP_CW 0.4\GP_CW 0.2\GP_CW\Debug\CL.read.1.tlog
C:\Users\amcnic201\Desktop\GP_CW 0.4.5\GP_CW 0.4.5\GP_CW 0.4\GP_CW 0.2\GP_CW\Debug\CL.write.1.tlog
C:\USERS\AMCNIC201\DESKTOP\GP_CW 0.4.5\GP_CW 0.4.5\GP_CW 0.4\GP_CW 0.2\GP_CW\DEBUG\CPLAYER.OBJ
C:\USERS\AMCNIC201\DESKTOP\GP_CW 0.4.5\GP_CW 0.4.5\GP_CW 0.4\GP_CW 0.2\GP_CW\DEBUG\CSPRITE.OBJ
C:\USERS\AMCNIC201\DESKTOP\GP_CW 0.4.5\GP_CW 0.4.5\GP_CW 0.4\GP_CW 0.2\GP_CW\DEBUG\CXAUDIO.OBJ
C:\USERS\AMCNIC201\DESKTOP\GP_CW 0.4.5\GP_CW 0.4.5\GP_CW 0.4\GP_CW 0.2\GP_CW\DEBUG\GAMERESOURCES.RES
C:\Users\amcnic201\Desktop\GP_CW 0.4.5\GP_CW 0.4.5\GP_CW 0.4\GP_CW 0.2\GP_CW\Debug\GP_CW.vcxprojResolveAssemblyReference.cache
C:\Users\amcnic201\Desktop\GP_CW 0.4.5\GP_CW 0.4.5\GP_CW 0.4\GP_CW 0.2\GP_CW\Debug\GP_CW.write.1.tlog
C:\Users\amcnic201\Desktop\GP_CW 0.4.5\GP_CW 0.4.5\GP_CW 0.4\GP_CW 0.2\GP_CW\Debug\link.command.1.tlog
C:\Users\amcnic201\Desktop\GP_CW 0.4.5\GP_CW 0.4.5\GP_CW 0.4\GP_CW 0.2\GP_CW\Debug\link.read.1.tlog
C:\Users\amcnic201\Desktop\GP_CW 0.4.5\GP_CW 0.4.5\GP_CW 0.4\GP_CW 0.2\GP_CW\Debug\link.read.3.tlog
C:\Users\amcnic201\Desktop\GP_CW 0.4.5\GP_CW 0.4.5\GP_CW 0.4\GP_CW 0.2\GP_CW\Debug\link.write.1.tlog
C:\Users\amcnic201\Desktop\GP_CW 0.4.5\GP_CW 0.4.5\GP_CW 0.4\GP_CW 0.2\GP_CW\Debug\link-cvtres.read.1.tlog
C:\Users\amcnic201\Desktop\GP_CW 0.4.5\GP_CW 0.4.5\GP_CW 0.4\GP_CW 0.2\GP_CW\Debug\link-cvtres.write.1.tlog
C:\USERS\AMCNIC201\DESKTOP\GP_CW 0.4.5\GP_CW 0.4.5\GP_CW 0.4\GP_CW 0.2\GP_CW\DEBUG\MAIN.OBJ
C:\Users\amcnic201\Desktop\GP_CW 0.4.5\GP_CW 0.4.5\GP_CW 0.4\GP_CW 0.2\GP_CW\Debug\rc.command.1.tlog
C:\Users\amcnic201\Desktop\GP_CW 0.4.5\GP_CW 0.4.5\GP_CW 0.4\GP_CW 0.2\GP_CW\Debug\rc.read.1.tlog
C:\Users\amcnic201\Desktop\GP_CW 0.4.5\GP_CW 0.4.5\GP_CW 0.4\GP_CW 0.2\GP_CW\Debug\rc.write.1.tlog
C:\Users\amcnic201\Desktop\GP_CW 0.4.5\GP_CW 0.4.5\GP_CW 0.4\GP_CW 0.2\GP_CW\Debug\vc100.idb
C:\USERS\AMCNIC201\DESKTOP\GP_CW 0.4.5\GP_CW 0.4.5\GP_CW 0.4\GP_CW 0.2\GP_CW\DEBUG\VC100.PDB
